# JRE version: Java(TM) SE Runtime Environment (7.0_75-b13) (build 1.7.0_75-b13)
# Java VM: Java HotSpot(TM) 64-Bit Server VM (24.75-b04 mixed mode linux-amd64 compressed oops)
Heap
 PSYoungGen      total 537088K, used 502961K [0x00000007d6880000, 0x00000007ffc00000, 0x0000000800000000)
  eden space 403968K, 98% used [0x00000007d6880000,0x00000007eecf4758,0x00000007ef300000)
  from space 133120K, 79% used [0x00000007f7a00000,0x00000007fe0b8010,0x00000007ffc00000)
  to   space 135680K, 0% used [0x00000007ef300000,0x00000007ef300000,0x00000007f7780000)
 ParOldGen       total 952320K, used 820181K [0x0000000783a00000, 0x00000007bdc00000, 0x00000007d6880000)
  object space 952320K, 86% used [0x0000000783a00000,0x00000007b5af56d8,0x00000007bdc00000)
 PSPermGen       total 21504K, used 8672K [0x000000077e800000, 0x000000077fd00000, 0x0000000783a00000)
  object space 21504K, 40% used [0x000000077e800000,0x000000077f078128,0x000000077fd00000)
GC Heap History (10 events):
Event: 21.640 GC heap before
{Heap before GC invocations=71 (full 5):
 PSYoungGen      total 499712K, used 444640K [0x00000007d6880000, 0x00000007ff300000, 0x0000000800000000)
  eden space 348160K, 100% used [0x00000007d6880000,0x00000007ebc80000,0x00000007ebc80000)
  from space 151552K, 63% used [0x00000007ebc80000,0x00000007f1ab8050,0x00000007f5080000)
  to   space 145920K, 0% used [0x00000007f6480000,0x00000007f6480000,0x00000007ff300000)
 ParOldGen       total 952320K, used 786997K [0x0000000783a00000, 0x00000007bdc00000, 0x00000007d6880000)
  object space 952320K, 82% used [0x0000000783a00000,0x00000007b3a8d688,0x00000007bdc00000)
 PSPermGen       total 21504K, used 8660K [0x000000077e800000, 0x000000077fd00000, 0x0000000783a00000)
  object space 21504K, 40% used [0x000000077e800000,0x000000077f075050,0x000000077fd00000)
Event: 21.675 GC heap after
Heap after GC invocations=71 (full 5):
 PSYoungGen      total 510976K, used 99232K [0x00000007d6880000, 0x00000007fea80000, 0x0000000800000000)
  eden space 373760K, 0% used [0x00000007d6880000,0x00000007d6880000,0x00000007ed580000)
  from space 137216K, 72% used [0x00000007f6480000,0x00000007fc568040,0x00000007fea80000)
  to   space 141824K, 0% used [0x00000007ed580000,0x00000007ed580000,0x00000007f6000000)
 ParOldGen       total 952320K, used 796069K [0x0000000783a00000, 0x00000007bdc00000, 0x00000007d6880000)
  object space 952320K, 83% used [0x0000000783a00000,0x00000007b4369698,0x00000007bdc00000)
 PSPermGen       total 21504K, used 8660K [0x000000077e800000, 0x000000077fd00000, 0x0000000783a00000)
  object space 21504K, 40% used [0x000000077e800000,0x000000077f075050,0x000000077fd00000)
}
Event: 21.901 GC heap before
{Heap before GC invocations=72 (full 5):
 PSYoungGen      total 510976K, used 472992K [0x00000007d6880000, 0x00000007fea80000, 0x0000000800000000)
  eden space 373760K, 100% used [0x00000007d6880000,0x00000007ed580000,0x00000007ed580000)
  from space 137216K, 72% used [0x00000007f6480000,0x00000007fc568040,0x00000007fea80000)
  to   space 141824K, 0% used [0x00000007ed580000,0x00000007ed580000,0x00000007f6000000)
 ParOldGen       total 952320K, used 796069K [0x0000000783a00000, 0x00000007bdc00000, 0x00000007d6880000)
  object space 952320K, 83% used [0x0000000783a00000,0x00000007b4369698,0x00000007bdc00000)
 PSPermGen       total 21504K, used 8660K [0x000000077e800000, 0x000000077fd00000, 0x0000000783a00000)
  object space 21504K, 40% used [0x000000077e800000,0x000000077f075170,0x000000077fd00000)
Event: 21.940 GC heap after
Heap after GC invocations=72 (full 5):
 PSYoungGen      total 515584K, used 102560K [0x00000007d6880000, 0x0000000800000000, 0x0000000800000000)
  eden space 373760K, 0% used [0x00000007d6880000,0x00000007d6880000,0x00000007ed580000)
  from space 141824K, 72% used [0x00000007ed580000,0x00000007f39a8030,0x00000007f6000000)
  to   space 139776K, 0% used [0x00000007f7780000,0x00000007f7780000,0x0000000800000000)
 ParOldGen       total 952320K, used 799557K [0x0000000783a00000, 0x00000007bdc00000, 0x00000007d6880000)
  object space 952320K, 83% used [0x0000000783a00000,0x00000007b46d16a8,0x00000007bdc00000)
 PSPermGen       total 21504K, used 8660K [0x000000077e800000, 0x000000077fd00000, 0x0000000783a00000)
  object space 21504K, 40% used [0x000000077e800000,0x000000077f075170,0x000000077fd00000)
}
Event: 22.180 GC heap before
{Heap before GC invocations=73 (full 5):
 PSYoungGen      total 515584K, used 476320K [0x00000007d6880000, 0x0000000800000000, 0x0000000800000000)
  eden space 373760K, 100% used [0x00000007d6880000,0x00000007ed580000,0x00000007ed580000)
  from space 141824K, 72% used [0x00000007ed580000,0x00000007f39a8030,0x00000007f6000000)
  to   space 139776K, 0% used [0x00000007f7780000,0x00000007f7780000,0x0000000800000000)
 ParOldGen       total 952320K, used 799557K [0x0000000783a00000, 0x00000007bdc00000, 0x00000007d6880000)
  object space 952320K, 83% used [0x0000000783a00000,0x00000007b46d16a8,0x00000007bdc00000)
 PSPermGen       total 21504K, used 8660K [0x000000077e800000, 0x000000077fd00000, 0x0000000783a00000)
  object space 21504K, 40% used [0x000000077e800000,0x000000077f075170,0x000000077fd00000)
Event: 22.220 GC heap after
Heap after GC invocations=73 (full 5):
 PSYoungGen      total 532480K, used 105408K [0x00000007d6880000, 0x00000007ffb00000, 0x0000000800000000)
  eden space 397824K, 0% used [0x00000007d6880000,0x00000007d6880000,0x00000007eed00000)
  from space 134656K, 78% used [0x00000007f7780000,0x00000007fde70030,0x00000007ffb00000)
  to   space 138240K, 0% used [0x00000007eed00000,0x00000007eed00000,0x00000007f7400000)
 ParOldGen       total 952320K, used 805413K [0x0000000783a00000, 0x00000007bdc00000, 0x00000007d6880000)
  object space 952320K, 84% used [0x0000000783a00000,0x00000007b4c896a8,0x00000007bdc00000)
 PSPermGen       total 21504K, used 8660K [0x000000077e800000, 0x000000077fd00000, 0x0000000783a00000)
  object space 21504K, 40% used [0x000000077e800000,0x000000077f075170,0x000000077fd00000)
}
Event: 22.463 GC heap before
{Heap before GC invocations=74 (full 5):
 PSYoungGen      total 532480K, used 503232K [0x00000007d6880000, 0x00000007ffb00000, 0x0000000800000000)
  eden space 397824K, 100% used [0x00000007d6880000,0x00000007eed00000,0x00000007eed00000)
  from space 134656K, 78% used [0x00000007f7780000,0x00000007fde70030,0x00000007ffb00000)
  to   space 138240K, 0% used [0x00000007eed00000,0x00000007eed00000,0x00000007f7400000)
 ParOldGen       total 952320K, used 805413K [0x0000000783a00000, 0x00000007bdc00000, 0x00000007d6880000)
  object space 952320K, 84% used [0x0000000783a00000,0x00000007b4c896a8,0x00000007bdc00000)
 PSPermGen       total 21504K, used 8660K [0x000000077e800000, 0x000000077fd00000, 0x0000000783a00000)
  object space 21504K, 40% used [0x000000077e800000,0x000000077f075240,0x000000077fd00000)
Event: 22.500 GC heap after
Heap after GC invocations=74 (full 5):
 PSYoungGen      total 536064K, used 105920K [0x00000007d6880000, 0x0000000800000000, 0x0000000800000000)
  eden space 397824K, 0% used [0x00000007d6880000,0x00000007d6880000,0x00000007eed00000)
  from space 138240K, 76% used [0x00000007eed00000,0x00000007f5470030,0x00000007f7400000)
  to   space 137216K, 0% used [0x00000007f7a00000,0x00000007f7a00000,0x0000000800000000)
 ParOldGen       total 952320K, used 814189K [0x0000000783a00000, 0x00000007bdc00000, 0x00000007d6880000)
  object space 952320K, 85% used [0x0000000783a00000,0x00000007b551b6b8,0x00000007bdc00000)
 PSPermGen       total 21504K, used 8660K [0x000000077e800000, 0x000000077fd00000, 0x0000000783a00000)
  object space 21504K, 40% used [0x000000077e800000,0x000000077f075240,0x000000077fd00000)
}
Event: 22.739 GC heap before
{Heap before GC invocations=75 (full 5):
 PSYoungGen      total 536064K, used 503744K [0x00000007d6880000, 0x0000000800000000, 0x0000000800000000)
  eden space 397824K, 100% used [0x00000007d6880000,0x00000007eed00000,0x00000007eed00000)
  from space 138240K, 76% used [0x00000007eed00000,0x00000007f5470030,0x00000007f7400000)
  to   space 137216K, 0% used [0x00000007f7a00000,0x00000007f7a00000,0x0000000800000000)
 ParOldGen       total 952320K, used 814189K [0x0000000783a00000, 0x00000007bdc00000, 0x00000007d6880000)
  object space 952320K, 85% used [0x0000000783a00000,0x00000007b551b6b8,0x00000007bdc00000)
 PSPermGen       total 21504K, used 8660K [0x000000077e800000, 0x000000077fd00000, 0x0000000783a00000)
  object space 21504K, 40% used [0x000000077e800000,0x000000077f0752e8,0x000000077fd00000)
Event: 22.771 GC heap after
Heap after GC invocations=75 (full 5):
 PSYoungGen      total 537088K, used 105184K [0x00000007d6880000, 0x00000007ffc00000, 0x0000000800000000)
  eden space 403968K, 0% used [0x00000007d6880000,0x00000007d6880000,0x00000007ef300000)
  from space 133120K, 79% used [0x00000007f7a00000,0x00000007fe0b8010,0x00000007ffc00000)
  to   space 135680K, 0% used [0x00000007ef300000,0x00000007ef300000,0x00000007f7780000)
 ParOldGen       total 952320K, used 820181K [0x0000000783a00000, 0x00000007bdc00000, 0x00000007d6880000)
  object space 952320K, 86% used [0x0000000783a00000,0x00000007b5af56d8,0x00000007bdc00000)
 PSPermGen       total 21504K, used 8660K [0x000000077e800000, 0x000000077fd00000, 0x0000000783a00000)
  object space 21504K, 40% used [0x000000077e800000,0x000000077f0752e8,0x000000077fd00000)
}

