# JRE version: Java(TM) SE Runtime Environment (7.0_75-b13) (build 1.7.0_75-b13)
# Java VM: Java HotSpot(TM) 64-Bit Server VM (24.75-b04 mixed mode linux-amd64 compressed oops)
Heap
 PSYoungGen      total 518144K, used 242450K [0x00000007d6880000, 0x00000007fff00000, 0x0000000800000000)
  eden space 359936K, 34% used [0x00000007d6880000,0x00000007de0949f8,0x00000007ec800000)
  from space 158208K, 75% used [0x00000007ec800000,0x00000007f3cb0020,0x00000007f6280000)
  to   space 157184K, 0% used [0x00000007f6580000,0x00000007f6580000,0x00000007fff00000)
 ParOldGen       total 906240K, used 814634K [0x0000000783a00000, 0x00000007baf00000, 0x00000007d6880000)
  object space 906240K, 89% used [0x0000000783a00000,0x00000007b558a868,0x00000007baf00000)
 PSPermGen       total 21504K, used 8670K [0x000000077e800000, 0x000000077fd00000, 0x0000000783a00000)
  object space 21504K, 40% used [0x000000077e800000,0x000000077f077b20,0x000000077fd00000)
GC Heap History (10 events):
Event: 20.172 GC heap before
{Heap before GC invocations=72 (full 5):
 PSYoungGen      total 511488K, used 466688K [0x00000007d6880000, 0x00000007ffa80000, 0x0000000800000000)
  eden space 351232K, 100% used [0x00000007d6880000,0x00000007ebf80000,0x00000007ebf80000)
  from space 160256K, 72% used [0x00000007f5e00000,0x00000007fcec0050,0x00000007ffa80000)
  to   space 161280K, 0% used [0x00000007ebf80000,0x00000007ebf80000,0x00000007f5d00000)
 ParOldGen       total 906240K, used 782418K [0x0000000783a00000, 0x00000007baf00000, 0x00000007d6880000)
  object space 906240K, 86% used [0x0000000783a00000,0x00000007b3614828,0x00000007baf00000)
 PSPermGen       total 21504K, used 8658K [0x000000077e800000, 0x000000077fd00000, 0x0000000783a00000)
  object space 21504K, 40% used [0x000000077e800000,0x000000077f074bc0,0x000000077fd00000)
Event: 20.214 GC heap after
Heap after GC invocations=72 (full 5):
 PSYoungGen      total 512512K, used 115200K [0x00000007d6880000, 0x00000007ffe00000, 0x0000000800000000)
  eden space 351232K, 0% used [0x00000007d6880000,0x00000007d6880000,0x00000007ebf80000)
  from space 161280K, 71% used [0x00000007ebf80000,0x00000007f3000040,0x00000007f5d00000)
  to   space 159744K, 0% used [0x00000007f6200000,0x00000007f6200000,0x00000007ffe00000)
 ParOldGen       total 906240K, used 788570K [0x0000000783a00000, 0x00000007baf00000, 0x00000007d6880000)
  object space 906240K, 87% used [0x0000000783a00000,0x00000007b3c16838,0x00000007baf00000)
 PSPermGen       total 21504K, used 8658K [0x000000077e800000, 0x000000077fd00000, 0x0000000783a00000)
  object space 21504K, 40% used [0x000000077e800000,0x000000077f074bc0,0x000000077fd00000)
}
Event: 20.444 GC heap before
{Heap before GC invocations=73 (full 5):
 PSYoungGen      total 512512K, used 466432K [0x00000007d6880000, 0x00000007ffe00000, 0x0000000800000000)
  eden space 351232K, 100% used [0x00000007d6880000,0x00000007ebf80000,0x00000007ebf80000)
  from space 161280K, 71% used [0x00000007ebf80000,0x00000007f3000040,0x00000007f5d00000)
  to   space 159744K, 0% used [0x00000007f6200000,0x00000007f6200000,0x00000007ffe00000)
 ParOldGen       total 906240K, used 788570K [0x0000000783a00000, 0x00000007baf00000, 0x00000007d6880000)
  object space 906240K, 87% used [0x0000000783a00000,0x00000007b3c16838,0x00000007baf00000)
 PSPermGen       total 21504K, used 8658K [0x000000077e800000, 0x000000077fd00000, 0x0000000783a00000)
  object space 21504K, 40% used [0x000000077e800000,0x000000077f074bc0,0x000000077fd00000)
Event: 20.492 GC heap after
Heap after GC invocations=73 (full 5):
 PSYoungGen      total 517632K, used 119296K [0x00000007d6880000, 0x00000007ffd80000, 0x0000000800000000)
  eden space 358400K, 0% used [0x00000007d6880000,0x00000007d6880000,0x00000007ec680000)
  from space 159232K, 74% used [0x00000007f6200000,0x00000007fd680040,0x00000007ffd80000)
  to   space 159232K, 0% used [0x00000007ec680000,0x00000007ec680000,0x00000007f6200000)
 ParOldGen       total 906240K, used 792842K [0x0000000783a00000, 0x00000007baf00000, 0x00000007d6880000)
  object space 906240K, 87% used [0x0000000783a00000,0x00000007b4042838,0x00000007baf00000)
 PSPermGen       total 21504K, used 8658K [0x000000077e800000, 0x000000077fd00000, 0x0000000783a00000)
  object space 21504K, 40% used [0x000000077e800000,0x000000077f074bc0,0x000000077fd00000)
}
Event: 20.720 GC heap before
{Heap before GC invocations=74 (full 5):
 PSYoungGen      total 517632K, used 477696K [0x00000007d6880000, 0x00000007ffd80000, 0x0000000800000000)
  eden space 358400K, 100% used [0x00000007d6880000,0x00000007ec680000,0x00000007ec680000)
  from space 159232K, 74% used [0x00000007f6200000,0x00000007fd680040,0x00000007ffd80000)
  to   space 159232K, 0% used [0x00000007ec680000,0x00000007ec680000,0x00000007f6200000)
 ParOldGen       total 906240K, used 792842K [0x0000000783a00000, 0x00000007baf00000, 0x00000007d6880000)
  object space 906240K, 87% used [0x0000000783a00000,0x00000007b4042838,0x00000007baf00000)
 PSPermGen       total 21504K, used 8659K [0x000000077e800000, 0x000000077fd00000, 0x0000000783a00000)
  object space 21504K, 40% used [0x000000077e800000,0x000000077f074c90,0x000000077fd00000)
Event: 20.768 GC heap after
Heap after GC invocations=74 (full 5):
 PSYoungGen      total 517632K, used 122880K [0x00000007d6880000, 0x0000000800000000, 0x0000000800000000)
  eden space 358400K, 0% used [0x00000007d6880000,0x00000007d6880000,0x00000007ec680000)
  from space 159232K, 77% used [0x00000007ec680000,0x00000007f3e80040,0x00000007f6200000)
  to   space 160256K, 0% used [0x00000007f6380000,0x00000007f6380000,0x0000000800000000)
 ParOldGen       total 906240K, used 798530K [0x0000000783a00000, 0x00000007baf00000, 0x00000007d6880000)
  object space 906240K, 88% used [0x0000000783a00000,0x00000007b45d0838,0x00000007baf00000)
 PSPermGen       total 21504K, used 8659K [0x000000077e800000, 0x000000077fd00000, 0x0000000783a00000)
  object space 21504K, 40% used [0x000000077e800000,0x000000077f074c90,0x000000077fd00000)
}
Event: 20.998 GC heap before
{Heap before GC invocations=75 (full 5):
 PSYoungGen      total 517632K, used 481280K [0x00000007d6880000, 0x0000000800000000, 0x0000000800000000)
  eden space 358400K, 100% used [0x00000007d6880000,0x00000007ec680000,0x00000007ec680000)
  from space 159232K, 77% used [0x00000007ec680000,0x00000007f3e80040,0x00000007f6200000)
  to   space 160256K, 0% used [0x00000007f6380000,0x00000007f6380000,0x0000000800000000)
 ParOldGen       total 906240K, used 798530K [0x0000000783a00000, 0x00000007baf00000, 0x00000007d6880000)
  object space 906240K, 88% used [0x0000000783a00000,0x00000007b45d0838,0x00000007baf00000)
 PSPermGen       total 21504K, used 8659K [0x000000077e800000, 0x000000077fd00000, 0x0000000783a00000)
  object space 21504K, 40% used [0x000000077e800000,0x000000077f074c90,0x000000077fd00000)
Event: 21.036 GC heap after
Heap after GC invocations=75 (full 5):
 PSYoungGen      total 517120K, used 117696K [0x00000007d6880000, 0x00000007ffd00000, 0x0000000800000000)
  eden space 359936K, 0% used [0x00000007d6880000,0x00000007d6880000,0x00000007ec800000)
  from space 157184K, 74% used [0x00000007f6380000,0x00000007fd670030,0x00000007ffd00000)
  to   space 158208K, 0% used [0x00000007ec800000,0x00000007ec800000,0x00000007f6280000)
 ParOldGen       total 906240K, used 808082K [0x0000000783a00000, 0x00000007baf00000, 0x00000007d6880000)
  object space 906240K, 89% used [0x0000000783a00000,0x00000007b4f24858,0x00000007baf00000)
 PSPermGen       total 21504K, used 8659K [0x000000077e800000, 0x000000077fd00000, 0x0000000783a00000)
  object space 21504K, 40% used [0x000000077e800000,0x000000077f074c90,0x000000077fd00000)
}
Event: 21.264 GC heap before
{Heap before GC invocations=76 (full 5):
 PSYoungGen      total 517120K, used 477632K [0x00000007d6880000, 0x00000007ffd00000, 0x0000000800000000)
  eden space 359936K, 100% used [0x00000007d6880000,0x00000007ec800000,0x00000007ec800000)
  from space 157184K, 74% used [0x00000007f6380000,0x00000007fd670030,0x00000007ffd00000)
  to   space 158208K, 0% used [0x00000007ec800000,0x00000007ec800000,0x00000007f6280000)
 ParOldGen       total 906240K, used 808082K [0x0000000783a00000, 0x00000007baf00000, 0x00000007d6880000)
  object space 906240K, 89% used [0x0000000783a00000,0x00000007b4f24858,0x00000007baf00000)
 PSPermGen       total 21504K, used 8659K [0x000000077e800000, 0x000000077fd00000, 0x0000000783a00000)
  object space 21504K, 40% used [0x000000077e800000,0x000000077f074c90,0x000000077fd00000)
Event: 21.308 GC heap after
Heap after GC invocations=76 (full 5):
 PSYoungGen      total 518144K, used 119488K [0x00000007d6880000, 0x00000007fff00000, 0x0000000800000000)
  eden space 359936K, 0% used [0x00000007d6880000,0x00000007d6880000,0x00000007ec800000)
  from space 158208K, 75% used [0x00000007ec800000,0x00000007f3cb0020,0x00000007f6280000)
  to   space 157184K, 0% used [0x00000007f6580000,0x00000007f6580000,0x00000007fff00000)
 ParOldGen       total 906240K, used 814634K [0x0000000783a00000, 0x00000007baf00000, 0x00000007d6880000)
  object space 906240K, 89% used [0x0000000783a00000,0x00000007b558a868,0x00000007baf00000)
 PSPermGen       total 21504K, used 8659K [0x000000077e800000, 0x000000077fd00000, 0x0000000783a00000)
  object space 21504K, 40% used [0x000000077e800000,0x000000077f074c90,0x000000077fd00000)
}

